<?xml version="1.0" encoding="UTF-8"?>
<testsuite xmlns:xsi="http://www.w3.org/2001/XMLSchema-instance" xsi:noNamespaceSchemaLocation="https://maven.apache.org/surefire/maven-surefire-plugin/xsd/surefire-test-report.xsd" name="com.example.javaleapyears.DateutlTest" time="0.051" tests="5" errors="0" skipped="0" failures="0">
  <properties>
[...]
</properties>
  <testcase name="normalLeapYearIsLeapexampl2" classname="com.example.javaleapyears.DateutlTest" time="0.023"/>
  <testcase name="nonLeapYearIsNotLeap" classname="com.example.javaleapyears.DateutlTest" time="0.001"/>
  <testcase name="centuryYearsAreNotLeapYears" classname="com.example.javaleapyears.DateutlTest" time="0.001"/>
  <testcase name="normalLeapYearIsLeap" classname="com.example.javaleapyears.DateutlTest" time="0.001"/>
  <testcase name="mileniumYearIsLeap" classname="com.example.javaleapyears.DateutlTest" time="0"/>
</testsuite>